<?xml version="1.0" encoding="UTF-8"?>
<!-- Generated by org.testng.reporters.JUnitReportReporter -->
<testsuite hostname="DIN16002798" name="demo.NewTest" tests="1" failures="0" timestamp="28 Feb 2017 06:13:42 GMT" time="8.215" errors="0">
  <testcase name="testEasy" time="8.215" classname="demo.NewTest"/>
</testsuite> <!-- demo.NewTest -->
